Looking for git in: git
Using git 2.25.1 from git
> git rev-parse --git-dir
Open repository: /home/alexandre/_/FOGO/go-auth
> git status -z -u
> git symbolic-ref --short HEAD
> git for-each-ref --format=%(refname)%00%(upstream:short)%00%(upstream:track)%00%(objectname) refs/heads/develop refs/remotes/develop
> git for-each-ref --sort -committerdate --format %(refname) %(objectname) %(*objectname)
> git remote --verbose
> git config --get commit.template
> git check-ignore -v -z --stdin
> git show --textconv :docker-compose.yml
> git ls-files --stage -- /home/alexandre/_/FOGO/go-auth/docker-compose.yml
> git check-ignore -v -z --stdin
> git check-ignore -v -z --stdin
> git check-ignore -v -z --stdin
> git check-ignore -v -z --stdin
> git show --textconv :docker/go/dist/Dockerfile
> git ls-files --stage -- /home/alexandre/_/FOGO/go-auth/docker/go/dist/Dockerfile
> git cat-file -s 929f5a241c7199cbd3dfdaee630a0dd1acf1f4e6
