[2021-02-26 10:49:27.388] [exthost] [info] extension host started
[2021-02-26 10:49:27.433] [exthost] [info] ExtensionService#_doActivateExtension vscode.microsoft-authentication {"startup":false,"extensionId":{"value":"vscode.microsoft-authentication","_lower":"vscode.microsoft-authentication"},"activationEvent":"onAuthenticationRequest:microsoft"}
[2021-02-26 10:49:27.433] [exthost] [info] ExtensionService#loadCommonJSModule file:///snap/code/55/usr/share/code/resources/app/extensions/microsoft-authentication/dist/extension.js
[2021-02-26 10:49:27.438] [exthost] [info] ExtensionService#_doActivateExtension aaron-bond.better-comments {"startup":false,"extensionId":{"value":"aaron-bond.better-comments","_lower":"aaron-bond.better-comments"},"activationEvent":"onLanguage:plaintext"}
[2021-02-26 10:49:27.438] [exthost] [info] ExtensionService#loadCommonJSModule file:///home/alexandre/.vscode/extensions/aaron-bond.better-comments-2.1.0/out/extension
[2021-02-26 10:49:27.439] [exthost] [info] ExtensionService#_doActivateExtension vscode.debug-auto-launch {"startup":true,"extensionId":{"value":"vscode.debug-auto-launch","_lower":"vscode.debug-auto-launch"},"activationEvent":"*"}
[2021-02-26 10:49:27.439] [exthost] [info] ExtensionService#loadCommonJSModule file:///snap/code/55/usr/share/code/resources/app/extensions/debug-auto-launch/dist/extension
[2021-02-26 10:49:27.441] [exthost] [info] ExtensionService#_doActivateExtension vscode.git {"startup":true,"extensionId":{"value":"vscode.github","_lower":"vscode.github"},"activationEvent":"*"}
[2021-02-26 10:49:27.441] [exthost] [info] ExtensionService#loadCommonJSModule file:///snap/code/55/usr/share/code/resources/app/extensions/git/dist/main
[2021-02-26 10:49:27.450] [exthost] [info] ExtensionService#_doActivateExtension CoenraadS.bracket-pair-colorizer-2 {"startup":true,"extensionId":{"value":"CoenraadS.bracket-pair-colorizer-2","_lower":"coenraads.bracket-pair-colorizer-2"},"activationEvent":"*"}
[2021-02-26 10:49:27.450] [exthost] [info] ExtensionService#loadCommonJSModule file:///home/alexandre/.vscode/extensions/coenraads.bracket-pair-colorizer-2-0.2.0/out/src/extension
[2021-02-26 10:49:27.463] [exthost] [info] ExtensionService#_doActivateExtension formulahendry.auto-close-tag {"startup":true,"extensionId":{"value":"formulahendry.auto-close-tag","_lower":"formulahendry.auto-close-tag"},"activationEvent":"*"}
[2021-02-26 10:49:27.463] [exthost] [info] ExtensionService#loadCommonJSModule file:///home/alexandre/.vscode/extensions/formulahendry.auto-close-tag-0.5.10/out/src/extension
[2021-02-26 10:49:27.464] [exthost] [info] ExtensionService#_doActivateExtension formulahendry.auto-rename-tag {"startup":true,"extensionId":{"value":"formulahendry.auto-rename-tag","_lower":"formulahendry.auto-rename-tag"},"activationEvent":"*"}
[2021-02-26 10:49:27.464] [exthost] [info] ExtensionService#loadCommonJSModule file:///home/alexandre/.vscode/extensions/formulahendry.auto-rename-tag-0.1.6/packages/extension/dist/extensionMain.js
[2021-02-26 10:49:27.482] [exthost] [info] ExtensionService#_doActivateExtension yzhang.markdown-all-in-one {"startup":true,"extensionId":{"value":"yzhang.markdown-all-in-one","_lower":"yzhang.markdown-all-in-one"},"activationEvent":"workspaceContains:README.md"}
[2021-02-26 10:49:27.482] [exthost] [info] ExtensionService#loadCommonJSModule file:///home/alexandre/.vscode/extensions/yzhang.markdown-all-in-one-3.4.0/dist/extension
[2021-02-26 10:49:27.585] [exthost] [info] ExtensionService#_doActivateExtension ms-azuretools.vscode-docker {"startup":false,"extensionId":{"value":"ms-azuretools.vscode-docker","_lower":"ms-azuretools.vscode-docker"},"activationEvent":"onLanguage:dockerfile"}
[2021-02-26 10:49:27.585] [exthost] [info] ExtensionService#loadCommonJSModule file:///home/alexandre/.vscode/extensions/ms-azuretools.vscode-docker-1.10.0/main
[2021-02-26 10:49:27.769] [exthost] [info] ExtensionService#_doActivateExtension ms-vscode.js-debug {"startup":false,"extensionId":{"value":"ms-vscode.js-debug","_lower":"ms-vscode.js-debug"},"activationEvent":"onCommand:extension.js-debug.clearAutoAttachVariables"}
[2021-02-26 10:49:27.770] [exthost] [info] ExtensionService#loadCommonJSModule file:///snap/code/55/usr/share/code/resources/app/extensions/ms-vscode.js-debug/src/extension.js
[2021-02-26 10:49:27.828] [exthost] [info] ExtensionService#_doActivateExtension vscode.github {"startup":false,"extensionId":{"value":"vscode.github","_lower":"vscode.github"},"activationEvent":"*"}
[2021-02-26 10:49:27.828] [exthost] [info] ExtensionService#loadCommonJSModule file:///snap/code/55/usr/share/code/resources/app/extensions/github/dist/extension.js
[2021-02-26 10:49:27.909] [exthost] [info] eager extensions activated
[2021-02-26 10:49:27.920] [exthost] [info] ExtensionService#_doActivateExtension vscode.emmet {"startup":false,"extensionId":{"value":"vscode.emmet","_lower":"vscode.emmet"},"activationEvent":"onStartupFinished"}
[2021-02-26 10:49:27.920] [exthost] [info] ExtensionService#loadCommonJSModule file:///snap/code/55/usr/share/code/resources/app/extensions/emmet/dist/node/emmetNodeMain
[2021-02-26 10:49:27.923] [exthost] [info] ExtensionService#_doActivateExtension vscode.merge-conflict {"startup":false,"extensionId":{"value":"vscode.merge-conflict","_lower":"vscode.merge-conflict"},"activationEvent":"onStartupFinished"}
[2021-02-26 10:49:27.923] [exthost] [info] ExtensionService#loadCommonJSModule file:///snap/code/55/usr/share/code/resources/app/extensions/merge-conflict/dist/mergeConflictMain
[2021-02-26 10:49:27.925] [exthost] [info] ExtensionService#_doActivateExtension vscode.testing-editor-contributions {"startup":false,"extensionId":{"value":"vscode.testing-editor-contributions","_lower":"vscode.testing-editor-contributions"},"activationEvent":"onStartupFinished"}
[2021-02-26 10:49:27.925] [exthost] [info] ExtensionService#loadCommonJSModule file:///snap/code/55/usr/share/code/resources/app/extensions/testing-editor-contributions/dist/extension.js
[2021-02-26 10:49:27.926] [exthost] [info] ExtensionService#_doActivateExtension eamodio.gitlens {"startup":false,"extensionId":{"value":"eamodio.gitlens","_lower":"eamodio.gitlens"},"activationEvent":"onStartupFinished"}
[2021-02-26 10:49:27.926] [exthost] [info] ExtensionService#loadCommonJSModule file:///home/alexandre/.vscode/extensions/eamodio.gitlens-11.2.1/dist/gitlens
[2021-02-26 10:49:27.966] [exthost] [info] ExtensionService#_doActivateExtension vscode.github-authentication {"startup":false,"extensionId":{"value":"vscode.github-authentication","_lower":"vscode.github-authentication"},"activationEvent":"onAuthenticationRequest:github"}
[2021-02-26 10:49:27.966] [exthost] [info] ExtensionService#loadCommonJSModule file:///snap/code/55/usr/share/code/resources/app/extensions/github-authentication/dist/extension.js
[2021-02-26 10:51:24.907] [exthost] [info] ExtensionService#_doActivateExtension octref.vetur {"startup":false,"extensionId":{"value":"octref.vetur","_lower":"octref.vetur"},"activationEvent":"onLanguage:vue"}
[2021-02-26 10:51:24.907] [exthost] [info] ExtensionService#loadCommonJSModule file:///home/alexandre/.vscode/extensions/octref.vetur-0.32.0/dist/vueMain.js
[2021-02-26 10:51:24.918] [exthost] [info] ExtensionService#_doActivateExtension wix.vscode-import-cost {"startup":false,"extensionId":{"value":"wix.vscode-import-cost","_lower":"wix.vscode-import-cost"},"activationEvent":"onLanguage:vue"}
[2021-02-26 10:51:24.918] [exthost] [info] ExtensionService#loadCommonJSModule file:///home/alexandre/.vscode/extensions/wix.vscode-import-cost-2.15.0/out/extension.js
[2021-02-26 10:54:19.738] [exthost] [info] ExtensionService#_doActivateExtension vscode.typescript-language-features {"startup":false,"extensionId":{"value":"vscode.typescript-language-features","_lower":"vscode.typescript-language-features"},"activationEvent":"onLanguage:javascript"}
[2021-02-26 10:54:19.739] [exthost] [info] ExtensionService#loadCommonJSModule file:///snap/code/55/usr/share/code/resources/app/extensions/typescript-language-features/dist/extension
[2021-02-26 10:54:45.710] [exthost] [info] ExtensionService#_doActivateExtension oderwat.indent-rainbow {"startup":false,"extensionId":{"value":"oderwat.indent-rainbow","_lower":"oderwat.indent-rainbow"},"activationEvent":"*"}
[2021-02-26 10:54:45.710] [exthost] [info] ExtensionService#loadCommonJSModule file:///home/alexandre/.vscode/extensions/oderwat.indent-rainbow-7.5.0/out/extension
[2021-02-26 10:54:57.083] [exthost] [info] ExtensionService#_doActivateExtension vscode.extension-editing {"startup":false,"extensionId":{"value":"vscode.extension-editing","_lower":"vscode.extension-editing"},"activationEvent":"onLanguage:typescript"}
[2021-02-26 10:54:57.083] [exthost] [info] ExtensionService#loadCommonJSModule file:///snap/code/55/usr/share/code/resources/app/extensions/extension-editing/dist/extensionEditingMain
[2021-02-26 10:55:22.272] [exthost] [info] ExtensionService#_doActivateExtension christian-kohler.path-intellisense {"startup":false,"extensionId":{"value":"christian-kohler.path-intellisense","_lower":"christian-kohler.path-intellisense"},"activationEvent":"*"}
[2021-02-26 10:55:22.272] [exthost] [info] ExtensionService#loadCommonJSModule file:///home/alexandre/.vscode/extensions/christian-kohler.path-intellisense-2.3.0/out/extension.js
[2021-02-26 10:56:01.884] [exthost] [info] ExtensionService#_doActivateExtension vscode.configuration-editing {"startup":false,"extensionId":{"value":"vscode.configuration-editing","_lower":"vscode.configuration-editing"},"activationEvent":"onLanguage:jsonc"}
[2021-02-26 10:56:01.885] [exthost] [info] ExtensionService#loadCommonJSModule file:///snap/code/55/usr/share/code/resources/app/extensions/configuration-editing/dist/configurationEditingMain
[2021-02-26 10:56:01.886] [exthost] [info] ExtensionService#_doActivateExtension vscode.json-language-features {"startup":false,"extensionId":{"value":"vscode.json-language-features","_lower":"vscode.json-language-features"},"activationEvent":"onLanguage:jsonc"}
[2021-02-26 10:56:01.886] [exthost] [info] ExtensionService#loadCommonJSModule file:///snap/code/55/usr/share/code/resources/app/extensions/json-language-features/client/dist/node/jsonClientMain
[2021-02-26 11:04:54.597] [exthost] [info] ExtensionService#_doActivateExtension vscode.npm {"startup":false,"extensionId":{"value":"vscode.npm","_lower":"vscode.npm"},"activationEvent":"onLanguage:json"}
[2021-02-26 11:04:54.597] [exthost] [info] ExtensionService#loadCommonJSModule file:///snap/code/55/usr/share/code/resources/app/extensions/npm/dist/npmMain
[2021-02-26 11:25:13.933] [exthost] [info] ExtensionService#_doActivateExtension equinusocio.vsc-material-theme-icons {"startup":false,"extensionId":{"value":"equinusocio.vsc-material-theme-icons","_lower":"equinusocio.vsc-material-theme-icons"},"activationEvent":"*"}
[2021-02-26 11:25:13.933] [exthost] [info] ExtensionService#loadCommonJSModule file:///home/alexandre/.vscode/extensions/equinusocio.vsc-material-theme-icons-1.2.2/out/src/extension
[2021-02-26 11:25:14.078] [exthost] [info] ExtensionService#_doActivateExtension Equinusocio.vsc-material-theme {"startup":false,"extensionId":{"value":"Equinusocio.vsc-material-theme","_lower":"equinusocio.vsc-material-theme"},"activationEvent":"*"}
[2021-02-26 11:25:14.078] [exthost] [info] ExtensionService#loadCommonJSModule file:///home/alexandre/.vscode/extensions/equinusocio.vsc-material-theme-33.1.2/build/material.theme.config
[2021-02-26 11:25:40.639] [exthost] [info] extension host terminating: received terminate message from renderer
[2021-02-26 11:25:41.654] [exthost] [info] exiting with code 0
[2021-02-26 11:25:42.010] [exthost] [info] extension host started
[2021-02-26 11:25:42.177] [exthost] [info] ExtensionService#_doActivateExtension vscode.microsoft-authentication {"startup":false,"extensionId":{"value":"vscode.microsoft-authentication","_lower":"vscode.microsoft-authentication"},"activationEvent":"onAuthenticationRequest:microsoft"}
[2021-02-26 11:25:42.178] [exthost] [info] ExtensionService#loadCommonJSModule file:///snap/code/55/usr/share/code/resources/app/extensions/microsoft-authentication/dist/extension.js
[2021-02-26 11:25:42.184] [exthost] [info] ExtensionService#_doActivateExtension aaron-bond.better-comments {"startup":false,"extensionId":{"value":"aaron-bond.better-comments","_lower":"aaron-bond.better-comments"},"activationEvent":"onLanguage:plaintext"}
[2021-02-26 11:25:42.184] [exthost] [info] ExtensionService#loadCommonJSModule file:///home/alexandre/.vscode/extensions/aaron-bond.better-comments-2.1.0/out/extension
[2021-02-26 11:25:42.186] [exthost] [info] ExtensionService#_doActivateExtension octref.vetur {"startup":false,"extensionId":{"value":"octref.vetur","_lower":"octref.vetur"},"activationEvent":"onLanguage:vue"}
[2021-02-26 11:25:42.186] [exthost] [info] ExtensionService#loadCommonJSModule file:///home/alexandre/.vscode/extensions/octref.vetur-0.32.0/dist/vueMain.js
[2021-02-26 11:25:42.193] [exthost] [info] ExtensionService#_doActivateExtension wix.vscode-import-cost {"startup":false,"extensionId":{"value":"wix.vscode-import-cost","_lower":"wix.vscode-import-cost"},"activationEvent":"onLanguage:vue"}
[2021-02-26 11:25:42.193] [exthost] [info] ExtensionService#loadCommonJSModule file:///home/alexandre/.vscode/extensions/wix.vscode-import-cost-2.15.0/out/extension.js
[2021-02-26 11:25:42.441] [exthost] [info] ExtensionService#_doActivateExtension vscode.debug-auto-launch {"startup":true,"extensionId":{"value":"vscode.debug-auto-launch","_lower":"vscode.debug-auto-launch"},"activationEvent":"*"}
[2021-02-26 11:25:42.441] [exthost] [info] ExtensionService#loadCommonJSModule file:///snap/code/55/usr/share/code/resources/app/extensions/debug-auto-launch/dist/extension
[2021-02-26 11:25:42.443] [exthost] [info] ExtensionService#_doActivateExtension vscode.git {"startup":true,"extensionId":{"value":"vscode.github","_lower":"vscode.github"},"activationEvent":"*"}
[2021-02-26 11:25:42.443] [exthost] [info] ExtensionService#loadCommonJSModule file:///snap/code/55/usr/share/code/resources/app/extensions/git/dist/main
[2021-02-26 11:25:42.454] [exthost] [info] ExtensionService#_doActivateExtension christian-kohler.path-intellisense {"startup":true,"extensionId":{"value":"christian-kohler.path-intellisense","_lower":"christian-kohler.path-intellisense"},"activationEvent":"*"}
[2021-02-26 11:25:42.454] [exthost] [info] ExtensionService#loadCommonJSModule file:///home/alexandre/.vscode/extensions/christian-kohler.path-intellisense-2.3.0/out/extension.js
[2021-02-26 11:25:42.463] [exthost] [info] ExtensionService#_doActivateExtension CoenraadS.bracket-pair-colorizer-2 {"startup":true,"extensionId":{"value":"CoenraadS.bracket-pair-colorizer-2","_lower":"coenraads.bracket-pair-colorizer-2"},"activationEvent":"*"}
[2021-02-26 11:25:42.463] [exthost] [info] ExtensionService#loadCommonJSModule file:///home/alexandre/.vscode/extensions/coenraads.bracket-pair-colorizer-2-0.2.0/out/src/extension
[2021-02-26 11:25:42.477] [exthost] [info] ExtensionService#_doActivateExtension Equinusocio.vsc-material-theme {"startup":true,"extensionId":{"value":"Equinusocio.vsc-material-theme","_lower":"equinusocio.vsc-material-theme"},"activationEvent":"*"}
[2021-02-26 11:25:42.477] [exthost] [info] ExtensionService#loadCommonJSModule file:///home/alexandre/.vscode/extensions/equinusocio.vsc-material-theme-33.1.2/build/material.theme.config
[2021-02-26 11:25:42.482] [exthost] [info] ExtensionService#_doActivateExtension equinusocio.vsc-material-theme-icons {"startup":true,"extensionId":{"value":"equinusocio.vsc-material-theme-icons","_lower":"equinusocio.vsc-material-theme-icons"},"activationEvent":"*"}
[2021-02-26 11:25:42.482] [exthost] [info] ExtensionService#loadCommonJSModule file:///home/alexandre/.vscode/extensions/equinusocio.vsc-material-theme-icons-1.2.2/out/src/extension
[2021-02-26 11:25:42.486] [exthost] [info] ExtensionService#_doActivateExtension formulahendry.auto-close-tag {"startup":true,"extensionId":{"value":"formulahendry.auto-close-tag","_lower":"formulahendry.auto-close-tag"},"activationEvent":"*"}
[2021-02-26 11:25:42.486] [exthost] [info] ExtensionService#loadCommonJSModule file:///home/alexandre/.vscode/extensions/formulahendry.auto-close-tag-0.5.10/out/src/extension
[2021-02-26 11:25:42.487] [exthost] [info] ExtensionService#_doActivateExtension formulahendry.auto-rename-tag {"startup":true,"extensionId":{"value":"formulahendry.auto-rename-tag","_lower":"formulahendry.auto-rename-tag"},"activationEvent":"*"}
[2021-02-26 11:25:42.487] [exthost] [info] ExtensionService#loadCommonJSModule file:///home/alexandre/.vscode/extensions/formulahendry.auto-rename-tag-0.1.6/packages/extension/dist/extensionMain.js
[2021-02-26 11:25:42.506] [exthost] [info] ExtensionService#_doActivateExtension oderwat.indent-rainbow {"startup":true,"extensionId":{"value":"oderwat.indent-rainbow","_lower":"oderwat.indent-rainbow"},"activationEvent":"*"}
[2021-02-26 11:25:42.506] [exthost] [info] ExtensionService#loadCommonJSModule file:///home/alexandre/.vscode/extensions/oderwat.indent-rainbow-7.5.0/out/extension
[2021-02-26 11:25:42.507] [exthost] [info] ExtensionService#_doActivateExtension yzhang.markdown-all-in-one {"startup":true,"extensionId":{"value":"yzhang.markdown-all-in-one","_lower":"yzhang.markdown-all-in-one"},"activationEvent":"workspaceContains:README.md"}
[2021-02-26 11:25:42.507] [exthost] [info] ExtensionService#loadCommonJSModule file:///home/alexandre/.vscode/extensions/yzhang.markdown-all-in-one-3.4.0/dist/extension
[2021-02-26 11:25:42.923] [exthost] [info] ExtensionService#_doActivateExtension ms-vscode.js-debug {"startup":false,"extensionId":{"value":"ms-vscode.js-debug","_lower":"ms-vscode.js-debug"},"activationEvent":"onCommand:extension.js-debug.clearAutoAttachVariables"}
[2021-02-26 11:25:42.923] [exthost] [info] ExtensionService#loadCommonJSModule file:///snap/code/55/usr/share/code/resources/app/extensions/ms-vscode.js-debug/src/extension.js
[2021-02-26 11:25:42.973] [exthost] [info] ExtensionService#_doActivateExtension vscode.github {"startup":false,"extensionId":{"value":"vscode.github","_lower":"vscode.github"},"activationEvent":"*"}
[2021-02-26 11:25:42.973] [exthost] [info] ExtensionService#loadCommonJSModule file:///snap/code/55/usr/share/code/resources/app/extensions/github/dist/extension.js
[2021-02-26 11:25:43.395] [exthost] [info] eager extensions activated
[2021-02-26 11:25:43.437] [exthost] [info] ExtensionService#_doActivateExtension vscode.emmet {"startup":false,"extensionId":{"value":"vscode.emmet","_lower":"vscode.emmet"},"activationEvent":"onStartupFinished"}
[2021-02-26 11:25:43.437] [exthost] [info] ExtensionService#loadCommonJSModule file:///snap/code/55/usr/share/code/resources/app/extensions/emmet/dist/node/emmetNodeMain
[2021-02-26 11:25:43.440] [exthost] [info] ExtensionService#_doActivateExtension vscode.merge-conflict {"startup":false,"extensionId":{"value":"vscode.merge-conflict","_lower":"vscode.merge-conflict"},"activationEvent":"onStartupFinished"}
[2021-02-26 11:25:43.440] [exthost] [info] ExtensionService#loadCommonJSModule file:///snap/code/55/usr/share/code/resources/app/extensions/merge-conflict/dist/mergeConflictMain
[2021-02-26 11:25:43.441] [exthost] [info] ExtensionService#_doActivateExtension vscode.testing-editor-contributions {"startup":false,"extensionId":{"value":"vscode.testing-editor-contributions","_lower":"vscode.testing-editor-contributions"},"activationEvent":"onStartupFinished"}
[2021-02-26 11:25:43.441] [exthost] [info] ExtensionService#loadCommonJSModule file:///snap/code/55/usr/share/code/resources/app/extensions/testing-editor-contributions/dist/extension.js
[2021-02-26 11:25:43.443] [exthost] [info] ExtensionService#_doActivateExtension eamodio.gitlens {"startup":false,"extensionId":{"value":"eamodio.gitlens","_lower":"eamodio.gitlens"},"activationEvent":"onStartupFinished"}
[2021-02-26 11:25:43.443] [exthost] [info] ExtensionService#loadCommonJSModule file:///home/alexandre/.vscode/extensions/eamodio.gitlens-11.2.1/dist/gitlens
[2021-02-26 11:25:43.483] [exthost] [info] ExtensionService#_doActivateExtension vscode.github-authentication {"startup":false,"extensionId":{"value":"vscode.github-authentication","_lower":"vscode.github-authentication"},"activationEvent":"onAuthenticationRequest:github"}
[2021-02-26 11:25:43.483] [exthost] [info] ExtensionService#loadCommonJSModule file:///snap/code/55/usr/share/code/resources/app/extensions/github-authentication/dist/extension.js
[2021-02-26 11:25:56.112] [exthost] [info] ExtensionService#_doActivateExtension vscode.configuration-editing {"startup":false,"extensionId":{"value":"vscode.configuration-editing","_lower":"vscode.configuration-editing"},"activationEvent":"onLanguage:jsonc"}
[2021-02-26 11:25:56.112] [exthost] [info] ExtensionService#loadCommonJSModule file:///snap/code/55/usr/share/code/resources/app/extensions/configuration-editing/dist/configurationEditingMain
[2021-02-26 11:25:56.114] [exthost] [info] ExtensionService#_doActivateExtension vscode.json-language-features {"startup":false,"extensionId":{"value":"vscode.json-language-features","_lower":"vscode.json-language-features"},"activationEvent":"onLanguage:jsonc"}
[2021-02-26 11:25:56.114] [exthost] [info] ExtensionService#loadCommonJSModule file:///snap/code/55/usr/share/code/resources/app/extensions/json-language-features/client/dist/node/jsonClientMain
[2021-02-26 11:25:56.124] [exthost] [info] ExtensionService#_doActivateExtension vscode.typescript-language-features {"startup":false,"extensionId":{"value":"vscode.typescript-language-features","_lower":"vscode.typescript-language-features"},"activationEvent":"onLanguage:jsonc"}
[2021-02-26 11:25:56.124] [exthost] [info] ExtensionService#loadCommonJSModule file:///snap/code/55/usr/share/code/resources/app/extensions/typescript-language-features/dist/extension
[2021-02-26 11:26:39.683] [exthost] [info] ExtensionService#_doActivateExtension redhat.vscode-yaml {"startup":false,"extensionId":{"value":"redhat.vscode-yaml","_lower":"redhat.vscode-yaml"},"activationEvent":"onLanguage:yaml"}
[2021-02-26 11:26:39.684] [exthost] [info] ExtensionService#loadCommonJSModule file:///home/alexandre/.vscode/extensions/redhat.vscode-yaml-0.15.0/out/src/extension
[2021-02-26 11:26:39.758] [exthost] [info] ExtensionService#_doActivateExtension ms-azuretools.vscode-docker {"startup":false,"extensionId":{"value":"ms-azuretools.vscode-docker","_lower":"ms-azuretools.vscode-docker"},"activationEvent":"onLanguage:yaml"}
[2021-02-26 11:26:39.758] [exthost] [info] ExtensionService#loadCommonJSModule file:///home/alexandre/.vscode/extensions/ms-azuretools.vscode-docker-1.10.0/main
[2021-02-26 11:26:39.850] [exthost] [info] ExtensionService#_doActivateExtension ms-kubernetes-tools.vscode-kubernetes-tools {"startup":false,"extensionId":{"value":"ms-kubernetes-tools.vscode-kubernetes-tools","_lower":"ms-kubernetes-tools.vscode-kubernetes-tools"},"activationEvent":"onLanguage:yaml"}
[2021-02-26 11:26:39.850] [exthost] [info] ExtensionService#loadCommonJSModule file:///home/alexandre/.vscode/extensions/ms-kubernetes-tools.vscode-kubernetes-tools-1.3.0/dist/extension
[2021-02-26 11:26:40.073] [exthost] [warning] [redhat.vscode-yaml] Accessing a resource scoped configuration without providing a resource is not expected. To get the effective value for '[yaml]', provide the URI of a resource or 'null' for any resource.
[2021-02-26 11:28:02.717] [exthost] [info] ExtensionService#_doActivateExtension vscode.extension-editing {"startup":false,"extensionId":{"value":"vscode.extension-editing","_lower":"vscode.extension-editing"},"activationEvent":"onLanguage:json"}
[2021-02-26 11:28:02.717] [exthost] [info] ExtensionService#loadCommonJSModule file:///snap/code/55/usr/share/code/resources/app/extensions/extension-editing/dist/extensionEditingMain
[2021-02-26 11:28:02.723] [exthost] [info] ExtensionService#_doActivateExtension vscode.npm {"startup":false,"extensionId":{"value":"vscode.npm","_lower":"vscode.npm"},"activationEvent":"onLanguage:json"}
[2021-02-26 11:28:02.723] [exthost] [info] ExtensionService#loadCommonJSModule file:///snap/code/55/usr/share/code/resources/app/extensions/npm/dist/npmMain
[2021-02-26 11:28:10.984] [exthost] [info] ExtensionService#_doActivateExtension PKief.material-icon-theme {"startup":false,"extensionId":{"value":"PKief.material-icon-theme","_lower":"pkief.material-icon-theme"},"activationEvent":"*"}
[2021-02-26 11:28:10.984] [exthost] [info] ExtensionService#loadCommonJSModule file:///home/alexandre/.vscode/extensions/pkief.material-icon-theme-4.5.0/dist/extension
[2021-02-26 11:28:49.152] [exthost] [info] extension host terminating: received terminate message from renderer
[2021-02-26 11:28:50.169] [exthost] [info] exiting with code 0
[2021-02-26 11:28:50.583] [exthost] [info] extension host started
[2021-02-26 11:28:50.623] [exthost] [info] ExtensionService#_doActivateExtension vscode.microsoft-authentication {"startup":false,"extensionId":{"value":"vscode.microsoft-authentication","_lower":"vscode.microsoft-authentication"},"activationEvent":"onAuthenticationRequest:microsoft"}
[2021-02-26 11:28:50.623] [exthost] [info] ExtensionService#loadCommonJSModule file:///snap/code/55/usr/share/code/resources/app/extensions/microsoft-authentication/dist/extension.js
[2021-02-26 11:28:50.628] [exthost] [info] ExtensionService#_doActivateExtension aaron-bond.better-comments {"startup":false,"extensionId":{"value":"aaron-bond.better-comments","_lower":"aaron-bond.better-comments"},"activationEvent":"onLanguage:plaintext"}
[2021-02-26 11:28:50.628] [exthost] [info] ExtensionService#loadCommonJSModule file:///home/alexandre/.vscode/extensions/aaron-bond.better-comments-2.1.0/out/extension
[2021-02-26 11:28:50.629] [exthost] [info] ExtensionService#_doActivateExtension vscode.configuration-editing {"startup":false,"extensionId":{"value":"vscode.configuration-editing","_lower":"vscode.configuration-editing"},"activationEvent":"onLanguage:jsonc"}
[2021-02-26 11:28:50.629] [exthost] [info] ExtensionService#loadCommonJSModule file:///snap/code/55/usr/share/code/resources/app/extensions/configuration-editing/dist/configurationEditingMain
[2021-02-26 11:28:50.631] [exthost] [info] ExtensionService#_doActivateExtension vscode.json-language-features {"startup":false,"extensionId":{"value":"vscode.json-language-features","_lower":"vscode.json-language-features"},"activationEvent":"onLanguage:jsonc"}
[2021-02-26 11:28:50.631] [exthost] [info] ExtensionService#loadCommonJSModule file:///snap/code/55/usr/share/code/resources/app/extensions/json-language-features/client/dist/node/jsonClientMain
[2021-02-26 11:28:50.642] [exthost] [info] ExtensionService#_doActivateExtension vscode.typescript-language-features {"startup":false,"extensionId":{"value":"vscode.typescript-language-features","_lower":"vscode.typescript-language-features"},"activationEvent":"onLanguage:jsonc"}
[2021-02-26 11:28:50.642] [exthost] [info] ExtensionService#loadCommonJSModule file:///snap/code/55/usr/share/code/resources/app/extensions/typescript-language-features/dist/extension
[2021-02-26 11:28:50.650] [exthost] [info] ExtensionService#_doActivateExtension vscode.debug-auto-launch {"startup":true,"extensionId":{"value":"vscode.debug-auto-launch","_lower":"vscode.debug-auto-launch"},"activationEvent":"*"}
[2021-02-26 11:28:50.650] [exthost] [info] ExtensionService#loadCommonJSModule file:///snap/code/55/usr/share/code/resources/app/extensions/debug-auto-launch/dist/extension
[2021-02-26 11:28:50.652] [exthost] [info] ExtensionService#_doActivateExtension vscode.git {"startup":true,"extensionId":{"value":"vscode.github","_lower":"vscode.github"},"activationEvent":"*"}
[2021-02-26 11:28:50.652] [exthost] [info] ExtensionService#loadCommonJSModule file:///snap/code/55/usr/share/code/resources/app/extensions/git/dist/main
[2021-02-26 11:28:50.663] [exthost] [info] ExtensionService#_doActivateExtension christian-kohler.path-intellisense {"startup":true,"extensionId":{"value":"christian-kohler.path-intellisense","_lower":"christian-kohler.path-intellisense"},"activationEvent":"*"}
[2021-02-26 11:28:50.663] [exthost] [info] ExtensionService#loadCommonJSModule file:///home/alexandre/.vscode/extensions/christian-kohler.path-intellisense-2.3.0/out/extension.js
[2021-02-26 11:28:50.671] [exthost] [info] ExtensionService#_doActivateExtension CoenraadS.bracket-pair-colorizer-2 {"startup":true,"extensionId":{"value":"CoenraadS.bracket-pair-colorizer-2","_lower":"coenraads.bracket-pair-colorizer-2"},"activationEvent":"*"}
[2021-02-26 11:28:50.671] [exthost] [info] ExtensionService#loadCommonJSModule file:///home/alexandre/.vscode/extensions/coenraads.bracket-pair-colorizer-2-0.2.0/out/src/extension
[2021-02-26 11:28:50.684] [exthost] [info] ExtensionService#_doActivateExtension Equinusocio.vsc-material-theme {"startup":true,"extensionId":{"value":"Equinusocio.vsc-material-theme","_lower":"equinusocio.vsc-material-theme"},"activationEvent":"*"}
[2021-02-26 11:28:50.684] [exthost] [info] ExtensionService#loadCommonJSModule file:///home/alexandre/.vscode/extensions/equinusocio.vsc-material-theme-33.1.2/build/material.theme.config
[2021-02-26 11:28:50.692] [exthost] [info] ExtensionService#_doActivateExtension formulahendry.auto-close-tag {"startup":true,"extensionId":{"value":"formulahendry.auto-close-tag","_lower":"formulahendry.auto-close-tag"},"activationEvent":"*"}
[2021-02-26 11:28:50.692] [exthost] [info] ExtensionService#loadCommonJSModule file:///home/alexandre/.vscode/extensions/formulahendry.auto-close-tag-0.5.10/out/src/extension
[2021-02-26 11:28:50.693] [exthost] [info] ExtensionService#_doActivateExtension formulahendry.auto-rename-tag {"startup":true,"extensionId":{"value":"formulahendry.auto-rename-tag","_lower":"formulahendry.auto-rename-tag"},"activationEvent":"*"}
[2021-02-26 11:28:50.693] [exthost] [info] ExtensionService#loadCommonJSModule file:///home/alexandre/.vscode/extensions/formulahendry.auto-rename-tag-0.1.6/packages/extension/dist/extensionMain.js
[2021-02-26 11:28:50.710] [exthost] [info] ExtensionService#_doActivateExtension oderwat.indent-rainbow {"startup":true,"extensionId":{"value":"oderwat.indent-rainbow","_lower":"oderwat.indent-rainbow"},"activationEvent":"*"}
[2021-02-26 11:28:50.710] [exthost] [info] ExtensionService#loadCommonJSModule file:///home/alexandre/.vscode/extensions/oderwat.indent-rainbow-7.5.0/out/extension
[2021-02-26 11:28:50.711] [exthost] [info] ExtensionService#_doActivateExtension PKief.material-icon-theme {"startup":true,"extensionId":{"value":"PKief.material-icon-theme","_lower":"pkief.material-icon-theme"},"activationEvent":"*"}
[2021-02-26 11:28:50.711] [exthost] [info] ExtensionService#loadCommonJSModule file:///home/alexandre/.vscode/extensions/pkief.material-icon-theme-4.5.0/dist/extension
[2021-02-26 11:28:50.719] [exthost] [info] ExtensionService#_doActivateExtension yzhang.markdown-all-in-one {"startup":true,"extensionId":{"value":"yzhang.markdown-all-in-one","_lower":"yzhang.markdown-all-in-one"},"activationEvent":"workspaceContains:README.md"}
[2021-02-26 11:28:50.719] [exthost] [info] ExtensionService#loadCommonJSModule file:///home/alexandre/.vscode/extensions/yzhang.markdown-all-in-one-3.4.0/dist/extension
[2021-02-26 11:28:50.964] [exthost] [info] ExtensionService#_doActivateExtension ms-vscode.js-debug {"startup":false,"extensionId":{"value":"ms-vscode.js-debug","_lower":"ms-vscode.js-debug"},"activationEvent":"onCommand:extension.js-debug.clearAutoAttachVariables"}
[2021-02-26 11:28:50.964] [exthost] [info] ExtensionService#loadCommonJSModule file:///snap/code/55/usr/share/code/resources/app/extensions/ms-vscode.js-debug/src/extension.js
[2021-02-26 11:28:51.031] [exthost] [info] ExtensionService#_doActivateExtension vscode.github {"startup":false,"extensionId":{"value":"vscode.github","_lower":"vscode.github"},"activationEvent":"*"}
[2021-02-26 11:28:51.032] [exthost] [info] ExtensionService#loadCommonJSModule file:///snap/code/55/usr/share/code/resources/app/extensions/github/dist/extension.js
[2021-02-26 11:28:51.059] [exthost] [info] eager extensions activated
[2021-02-26 11:28:51.095] [exthost] [info] ExtensionService#_doActivateExtension vscode.emmet {"startup":false,"extensionId":{"value":"vscode.emmet","_lower":"vscode.emmet"},"activationEvent":"onStartupFinished"}
[2021-02-26 11:28:51.095] [exthost] [info] ExtensionService#loadCommonJSModule file:///snap/code/55/usr/share/code/resources/app/extensions/emmet/dist/node/emmetNodeMain
[2021-02-26 11:28:51.099] [exthost] [info] ExtensionService#_doActivateExtension vscode.merge-conflict {"startup":false,"extensionId":{"value":"vscode.merge-conflict","_lower":"vscode.merge-conflict"},"activationEvent":"onStartupFinished"}
[2021-02-26 11:28:51.099] [exthost] [info] ExtensionService#loadCommonJSModule file:///snap/code/55/usr/share/code/resources/app/extensions/merge-conflict/dist/mergeConflictMain
[2021-02-26 11:28:51.101] [exthost] [info] ExtensionService#_doActivateExtension vscode.testing-editor-contributions {"startup":false,"extensionId":{"value":"vscode.testing-editor-contributions","_lower":"vscode.testing-editor-contributions"},"activationEvent":"onStartupFinished"}
[2021-02-26 11:28:51.101] [exthost] [info] ExtensionService#loadCommonJSModule file:///snap/code/55/usr/share/code/resources/app/extensions/testing-editor-contributions/dist/extension.js
[2021-02-26 11:28:51.102] [exthost] [info] ExtensionService#_doActivateExtension eamodio.gitlens {"startup":false,"extensionId":{"value":"eamodio.gitlens","_lower":"eamodio.gitlens"},"activationEvent":"onStartupFinished"}
[2021-02-26 11:28:51.102] [exthost] [info] ExtensionService#loadCommonJSModule file:///home/alexandre/.vscode/extensions/eamodio.gitlens-11.2.1/dist/gitlens
[2021-02-26 11:28:51.127] [exthost] [info] ExtensionService#_doActivateExtension vscode.github-authentication {"startup":false,"extensionId":{"value":"vscode.github-authentication","_lower":"vscode.github-authentication"},"activationEvent":"onAuthenticationRequest:github"}
[2021-02-26 11:28:51.127] [exthost] [info] ExtensionService#loadCommonJSModule file:///snap/code/55/usr/share/code/resources/app/extensions/github-authentication/dist/extension.js
[2021-02-26 11:29:01.585] [exthost] [info] ExtensionService#_doActivateExtension vscode.extension-editing {"startup":false,"extensionId":{"value":"vscode.extension-editing","_lower":"vscode.extension-editing"},"activationEvent":"onLanguage:json"}
[2021-02-26 11:29:01.585] [exthost] [info] ExtensionService#loadCommonJSModule file:///snap/code/55/usr/share/code/resources/app/extensions/extension-editing/dist/extensionEditingMain
[2021-02-26 11:29:01.589] [exthost] [info] ExtensionService#_doActivateExtension vscode.npm {"startup":false,"extensionId":{"value":"vscode.npm","_lower":"vscode.npm"},"activationEvent":"onLanguage:json"}
[2021-02-26 11:29:01.589] [exthost] [info] ExtensionService#loadCommonJSModule file:///snap/code/55/usr/share/code/resources/app/extensions/npm/dist/npmMain
[2021-02-26 11:29:35.501] [exthost] [info] ExtensionService#_doActivateExtension vscode.markdown-language-features {"startup":false,"extensionId":{"value":"vscode.markdown-language-features","_lower":"vscode.markdown-language-features"},"activationEvent":"onLanguage:markdown"}
[2021-02-26 11:29:35.501] [exthost] [info] ExtensionService#loadCommonJSModule file:///snap/code/55/usr/share/code/resources/app/extensions/markdown-language-features/dist/extension
[2021-02-26 11:38:40.665] [exthost] [info] ExtensionService#_doActivateExtension octref.vetur {"startup":false,"extensionId":{"value":"octref.vetur","_lower":"octref.vetur"},"activationEvent":"onLanguage:vue"}
[2021-02-26 11:38:40.665] [exthost] [info] ExtensionService#loadCommonJSModule file:///home/alexandre/.vscode/extensions/octref.vetur-0.32.0/dist/vueMain.js
[2021-02-26 11:38:40.676] [exthost] [info] ExtensionService#_doActivateExtension wix.vscode-import-cost {"startup":false,"extensionId":{"value":"wix.vscode-import-cost","_lower":"wix.vscode-import-cost"},"activationEvent":"onLanguage:vue"}
[2021-02-26 11:38:40.677] [exthost] [info] ExtensionService#loadCommonJSModule file:///home/alexandre/.vscode/extensions/wix.vscode-import-cost-2.15.0/out/extension.js
[2021-02-26 11:39:30.486] [exthost] [info] ExtensionService#_doActivateExtension vscode.css-language-features {"startup":false,"extensionId":{"value":"vscode.css-language-features","_lower":"vscode.css-language-features"},"activationEvent":"onLanguage:scss"}
[2021-02-26 11:39:30.486] [exthost] [info] ExtensionService#loadCommonJSModule file:///snap/code/55/usr/share/code/resources/app/extensions/css-language-features/client/dist/node/cssClientMain
[2021-02-26 11:54:13.781] [exthost] [info] extension host terminating: received terminate message from renderer
[2021-02-26 11:54:14.797] [exthost] [info] exiting with code 0
