[2021-02-26 12:11:09.375] [exthost] [info] extension host started
[2021-02-26 12:11:09.569] [exthost] [info] ExtensionService#_doActivateExtension vscode.microsoft-authentication {"startup":false,"extensionId":{"value":"vscode.microsoft-authentication","_lower":"vscode.microsoft-authentication"},"activationEvent":"onAuthenticationRequest:microsoft"}
[2021-02-26 12:11:09.569] [exthost] [info] ExtensionService#loadCommonJSModule file:///snap/code/55/usr/share/code/resources/app/extensions/microsoft-authentication/dist/extension.js
[2021-02-26 12:11:09.575] [exthost] [info] ExtensionService#_doActivateExtension aaron-bond.better-comments {"startup":false,"extensionId":{"value":"aaron-bond.better-comments","_lower":"aaron-bond.better-comments"},"activationEvent":"onLanguage:plaintext"}
[2021-02-26 12:11:09.575] [exthost] [info] ExtensionService#loadCommonJSModule file:///home/alexandre/.vscode/extensions/aaron-bond.better-comments-2.1.0/out/extension
[2021-02-26 12:11:09.577] [exthost] [info] ExtensionService#_doActivateExtension vscode.extension-editing {"startup":false,"extensionId":{"value":"vscode.extension-editing","_lower":"vscode.extension-editing"},"activationEvent":"onLanguage:markdown"}
[2021-02-26 12:11:09.577] [exthost] [info] ExtensionService#loadCommonJSModule file:///snap/code/55/usr/share/code/resources/app/extensions/extension-editing/dist/extensionEditingMain
[2021-02-26 12:11:09.580] [exthost] [info] ExtensionService#_doActivateExtension vscode.markdown-language-features {"startup":false,"extensionId":{"value":"vscode.markdown-language-features","_lower":"vscode.markdown-language-features"},"activationEvent":"onLanguage:markdown"}
[2021-02-26 12:11:09.580] [exthost] [info] ExtensionService#loadCommonJSModule file:///snap/code/55/usr/share/code/resources/app/extensions/markdown-language-features/dist/extension
[2021-02-26 12:11:09.615] [exthost] [info] ExtensionService#_doActivateExtension yzhang.markdown-all-in-one {"startup":false,"extensionId":{"value":"yzhang.markdown-all-in-one","_lower":"yzhang.markdown-all-in-one"},"activationEvent":"onLanguage:markdown"}
[2021-02-26 12:11:09.615] [exthost] [info] ExtensionService#loadCommonJSModule file:///home/alexandre/.vscode/extensions/yzhang.markdown-all-in-one-3.4.0/dist/extension
[2021-02-26 12:11:09.647] [exthost] [info] ExtensionService#_doActivateExtension vscode.debug-auto-launch {"startup":true,"extensionId":{"value":"vscode.debug-auto-launch","_lower":"vscode.debug-auto-launch"},"activationEvent":"*"}
[2021-02-26 12:11:09.647] [exthost] [info] ExtensionService#loadCommonJSModule file:///snap/code/55/usr/share/code/resources/app/extensions/debug-auto-launch/dist/extension
[2021-02-26 12:11:09.649] [exthost] [info] ExtensionService#_doActivateExtension vscode.git {"startup":true,"extensionId":{"value":"vscode.github","_lower":"vscode.github"},"activationEvent":"*"}
[2021-02-26 12:11:09.649] [exthost] [info] ExtensionService#loadCommonJSModule file:///snap/code/55/usr/share/code/resources/app/extensions/git/dist/main
[2021-02-26 12:11:09.660] [exthost] [info] ExtensionService#_doActivateExtension christian-kohler.path-intellisense {"startup":true,"extensionId":{"value":"christian-kohler.path-intellisense","_lower":"christian-kohler.path-intellisense"},"activationEvent":"*"}
[2021-02-26 12:11:09.660] [exthost] [info] ExtensionService#loadCommonJSModule file:///home/alexandre/.vscode/extensions/christian-kohler.path-intellisense-2.3.0/out/extension.js
[2021-02-26 12:11:09.668] [exthost] [info] ExtensionService#_doActivateExtension CoenraadS.bracket-pair-colorizer-2 {"startup":true,"extensionId":{"value":"CoenraadS.bracket-pair-colorizer-2","_lower":"coenraads.bracket-pair-colorizer-2"},"activationEvent":"*"}
[2021-02-26 12:11:09.668] [exthost] [info] ExtensionService#loadCommonJSModule file:///home/alexandre/.vscode/extensions/coenraads.bracket-pair-colorizer-2-0.2.0/out/src/extension
[2021-02-26 12:11:09.680] [exthost] [info] ExtensionService#_doActivateExtension Equinusocio.vsc-material-theme {"startup":true,"extensionId":{"value":"Equinusocio.vsc-material-theme","_lower":"equinusocio.vsc-material-theme"},"activationEvent":"*"}
[2021-02-26 12:11:09.680] [exthost] [info] ExtensionService#loadCommonJSModule file:///home/alexandre/.vscode/extensions/equinusocio.vsc-material-theme-33.1.2/build/material.theme.config
[2021-02-26 12:11:09.684] [exthost] [info] ExtensionService#_doActivateExtension formulahendry.auto-close-tag {"startup":true,"extensionId":{"value":"formulahendry.auto-close-tag","_lower":"formulahendry.auto-close-tag"},"activationEvent":"*"}
[2021-02-26 12:11:09.684] [exthost] [info] ExtensionService#loadCommonJSModule file:///home/alexandre/.vscode/extensions/formulahendry.auto-close-tag-0.5.10/out/src/extension
[2021-02-26 12:11:09.685] [exthost] [info] ExtensionService#_doActivateExtension formulahendry.auto-rename-tag {"startup":true,"extensionId":{"value":"formulahendry.auto-rename-tag","_lower":"formulahendry.auto-rename-tag"},"activationEvent":"*"}
[2021-02-26 12:11:09.685] [exthost] [info] ExtensionService#loadCommonJSModule file:///home/alexandre/.vscode/extensions/formulahendry.auto-rename-tag-0.1.6/packages/extension/dist/extensionMain.js
[2021-02-26 12:11:09.702] [exthost] [info] ExtensionService#_doActivateExtension oderwat.indent-rainbow {"startup":true,"extensionId":{"value":"oderwat.indent-rainbow","_lower":"oderwat.indent-rainbow"},"activationEvent":"*"}
[2021-02-26 12:11:09.702] [exthost] [info] ExtensionService#loadCommonJSModule file:///home/alexandre/.vscode/extensions/oderwat.indent-rainbow-7.5.0/out/extension
[2021-02-26 12:11:09.703] [exthost] [info] ExtensionService#_doActivateExtension PKief.material-icon-theme {"startup":true,"extensionId":{"value":"PKief.material-icon-theme","_lower":"pkief.material-icon-theme"},"activationEvent":"*"}
[2021-02-26 12:11:09.703] [exthost] [info] ExtensionService#loadCommonJSModule file:///home/alexandre/.vscode/extensions/pkief.material-icon-theme-4.5.0/dist/extension
[2021-02-26 12:11:09.797] [exthost] [info] ExtensionService#_doActivateExtension golang.go {"startup":true,"extensionId":{"value":"golang.go","_lower":"golang.go"},"activationEvent":"workspaceContains:**/*.go"}
[2021-02-26 12:11:09.797] [exthost] [info] ExtensionService#loadCommonJSModule file:///home/alexandre/.vscode/extensions/golang.go-0.22.1/dist/goMain.js
[2021-02-26 12:11:10.159] [exthost] [info] ExtensionService#_doActivateExtension ms-vscode.js-debug {"startup":false,"extensionId":{"value":"ms-vscode.js-debug","_lower":"ms-vscode.js-debug"},"activationEvent":"onCommand:extension.js-debug.clearAutoAttachVariables"}
[2021-02-26 12:11:10.159] [exthost] [info] ExtensionService#loadCommonJSModule file:///snap/code/55/usr/share/code/resources/app/extensions/ms-vscode.js-debug/src/extension.js
[2021-02-26 12:11:10.208] [exthost] [info] ExtensionService#_doActivateExtension vscode.github {"startup":false,"extensionId":{"value":"vscode.github","_lower":"vscode.github"},"activationEvent":"*"}
[2021-02-26 12:11:10.208] [exthost] [info] ExtensionService#loadCommonJSModule file:///snap/code/55/usr/share/code/resources/app/extensions/github/dist/extension.js
[2021-02-26 12:11:10.225] [exthost] [info] eager extensions activated
[2021-02-26 12:11:10.394] [exthost] [info] ExtensionService#_doActivateExtension vscode.emmet {"startup":false,"extensionId":{"value":"vscode.emmet","_lower":"vscode.emmet"},"activationEvent":"onStartupFinished"}
[2021-02-26 12:11:10.394] [exthost] [info] ExtensionService#loadCommonJSModule file:///snap/code/55/usr/share/code/resources/app/extensions/emmet/dist/node/emmetNodeMain
[2021-02-26 12:11:10.397] [exthost] [info] ExtensionService#_doActivateExtension vscode.merge-conflict {"startup":false,"extensionId":{"value":"vscode.merge-conflict","_lower":"vscode.merge-conflict"},"activationEvent":"onStartupFinished"}
[2021-02-26 12:11:10.397] [exthost] [info] ExtensionService#loadCommonJSModule file:///snap/code/55/usr/share/code/resources/app/extensions/merge-conflict/dist/mergeConflictMain
[2021-02-26 12:11:10.398] [exthost] [info] ExtensionService#_doActivateExtension vscode.testing-editor-contributions {"startup":false,"extensionId":{"value":"vscode.testing-editor-contributions","_lower":"vscode.testing-editor-contributions"},"activationEvent":"onStartupFinished"}
[2021-02-26 12:11:10.399] [exthost] [info] ExtensionService#loadCommonJSModule file:///snap/code/55/usr/share/code/resources/app/extensions/testing-editor-contributions/dist/extension.js
[2021-02-26 12:11:10.400] [exthost] [info] ExtensionService#_doActivateExtension eamodio.gitlens {"startup":false,"extensionId":{"value":"eamodio.gitlens","_lower":"eamodio.gitlens"},"activationEvent":"onStartupFinished"}
[2021-02-26 12:11:10.400] [exthost] [info] ExtensionService#loadCommonJSModule file:///home/alexandre/.vscode/extensions/eamodio.gitlens-11.2.1/dist/gitlens
[2021-02-26 12:11:10.434] [exthost] [info] ExtensionService#_doActivateExtension vscode.github-authentication {"startup":false,"extensionId":{"value":"vscode.github-authentication","_lower":"vscode.github-authentication"},"activationEvent":"onAuthenticationRequest:github"}
[2021-02-26 12:11:10.434] [exthost] [info] ExtensionService#loadCommonJSModule file:///snap/code/55/usr/share/code/resources/app/extensions/github-authentication/dist/extension.js
[2021-02-26 12:11:51.843] [exthost] [info] ExtensionService#_doActivateExtension vscode.configuration-editing {"startup":false,"extensionId":{"value":"vscode.configuration-editing","_lower":"vscode.configuration-editing"},"activationEvent":"onLanguage:jsonc"}
[2021-02-26 12:11:51.843] [exthost] [info] ExtensionService#loadCommonJSModule file:///snap/code/55/usr/share/code/resources/app/extensions/configuration-editing/dist/configurationEditingMain
[2021-02-26 12:11:51.845] [exthost] [info] ExtensionService#_doActivateExtension vscode.json-language-features {"startup":false,"extensionId":{"value":"vscode.json-language-features","_lower":"vscode.json-language-features"},"activationEvent":"onLanguage:jsonc"}
[2021-02-26 12:11:51.845] [exthost] [info] ExtensionService#loadCommonJSModule file:///snap/code/55/usr/share/code/resources/app/extensions/json-language-features/client/dist/node/jsonClientMain
[2021-02-26 12:11:51.856] [exthost] [info] ExtensionService#_doActivateExtension vscode.typescript-language-features {"startup":false,"extensionId":{"value":"vscode.typescript-language-features","_lower":"vscode.typescript-language-features"},"activationEvent":"onLanguage:jsonc"}
[2021-02-26 12:11:51.856] [exthost] [info] ExtensionService#loadCommonJSModule file:///snap/code/55/usr/share/code/resources/app/extensions/typescript-language-features/dist/extension
[2021-02-26 12:16:05.166] [exthost] [info] ExtensionService#_doActivateExtension esbenp.prettier-vscode {"startup":false,"extensionId":{"value":"esbenp.prettier-vscode","_lower":"esbenp.prettier-vscode"},"activationEvent":"onStartupFinished"}
[2021-02-26 12:16:05.167] [exthost] [info] ExtensionService#loadCommonJSModule file:///home/alexandre/.vscode/extensions/esbenp.prettier-vscode-5.9.2/dist/extension
[2021-02-26 12:18:25.898] [exthost] [info] ExtensionService#_doActivateExtension dbaeumer.vscode-eslint {"startup":false,"extensionId":{"value":"dbaeumer.vscode-eslint","_lower":"dbaeumer.vscode-eslint"},"activationEvent":"onStartupFinished"}
[2021-02-26 12:18:25.898] [exthost] [info] ExtensionService#loadCommonJSModule file:///home/alexandre/.vscode/extensions/dbaeumer.vscode-eslint-2.1.14/client/out/extension
[2021-02-26 12:19:53.939] [exthost] [info] extension host terminating: received terminate message from renderer
[2021-02-26 12:19:54.967] [exthost] [info] exiting with code 0
