Vetur initialized
[INFO ] Find node_modules paths in /home/alexandre/_/FOGO/maorie-monolithic - 182ms
[INFO ] Loaded bundled typescript@4.1.3.
[INFO ] Loaded bundled prettier.
[INFO ] Loaded bundled @starptech/prettyhtml.
[INFO ] Loaded bundled prettier-eslint.
[INFO ] Loaded bundled prettier-tslint.
[INFO ] Loaded bundled stylus-supremacy.
[INFO ] Loaded bundled @prettier/plugin-pug.
[Error - 11:25:44 AM] Error: Can't find package.json in project
    at inferVueVersion (/home/alexandre/.vscode/extensions/octref.vetur-0.32.0/server/dist/vls.js:676:11493)
    at Object.getVueVersion (/home/alexandre/.vscode/extensions/octref.vetur-0.32.0/server/dist/vls.js:859:3880)
    at getServiceHost (/home/alexandre/.vscode/extensions/octref.vetur-0.32.0/server/dist/vls.js:851:570)
    at s2.init (/home/alexandre/.vscode/extensions/octref.vetur-0.32.0/server/dist/vls.js:858:1244)
    at createProjectService (/home/alexandre/.vscode/extensions/octref.vetur-0.32.0/server/dist/vls.js:858:3602)
    at l2.getProjectService (/home/alexandre/.vscode/extensions/octref.vetur-0.32.0/server/dist/vls.js:859:9715)
    at async l2.onCodeAction (/home/alexandre/.vscode/extensions/octref.vetur-0.32.0/server/dist/vls.js:859:15201)
[Error - 11:25:44 AM] Error: Can't find package.json in project
    at inferVueVersion (/home/alexandre/.vscode/extensions/octref.vetur-0.32.0/server/dist/vls.js:676:11493)
    at Object.getVueVersion (/home/alexandre/.vscode/extensions/octref.vetur-0.32.0/server/dist/vls.js:859:3880)
    at L (/home/alexandre/.vscode/extensions/octref.vetur-0.32.0/server/dist/vls.js:851:783)
    at getServiceHost (/home/alexandre/.vscode/extensions/octref.vetur-0.32.0/server/dist/vls.js:851:657)
    at s2.init (/home/alexandre/.vscode/extensions/octref.vetur-0.32.0/server/dist/vls.js:858:1244)
    at createProjectService (/home/alexandre/.vscode/extensions/octref.vetur-0.32.0/server/dist/vls.js:858:3602)
    at l2.getProjectService (/home/alexandre/.vscode/extensions/octref.vetur-0.32.0/server/dist/vls.js:859:9715)
    at async l2.onCodeAction (/home/alexandre/.vscode/extensions/octref.vetur-0.32.0/server/dist/vls.js:859:15201)
[Error - 11:25:44 AM] Error: Can't find package.json in project
    at inferVueVersion (/home/alexandre/.vscode/extensions/octref.vetur-0.32.0/server/dist/vls.js:676:11493)
    at Object.getVueVersion (/home/alexandre/.vscode/extensions/octref.vetur-0.32.0/server/dist/vls.js:859:3880)
    at new HTMLMode (/home/alexandre/.vscode/extensions/octref.vetur-0.32.0/server/dist/vls.js:733:1756)
    at new VueHTMLMode (/home/alexandre/.vscode/extensions/octref.vetur-0.32.0/server/dist/vls.js:743:3922)
    at s2.init (/home/alexandre/.vscode/extensions/octref.vetur-0.32.0/server/dist/vls.js:858:1444)
    at createProjectService (/home/alexandre/.vscode/extensions/octref.vetur-0.32.0/server/dist/vls.js:858:3602)
    at l2.getProjectService (/home/alexandre/.vscode/extensions/octref.vetur-0.32.0/server/dist/vls.js:859:9715)
    at async l2.onCodeAction (/home/alexandre/.vscode/extensions/octref.vetur-0.32.0/server/dist/vls.js:859:15201)
