["INFO" - 12:19:57 PM] Extension Name: esbenp.prettier-vscode.
["INFO" - 12:19:57 PM] Extension Version: 5.9.2.
["INFO" - 12:19:57 PM] Loaded module 'prettier@1.19.1' from '/home/alexandre/_/FOGO/maorie-monolithic/maorie-front/node_modules/prettier/index.js'
["INFO" - 12:19:57 PM] Loaded module 'prettier@1.19.1' from '/home/alexandre/_/FOGO/maorie-monolithic/maorie-front/node_modules/prettier/index.js'
["INFO" - 12:19:57 PM] Enabling prettier for languages: css, graphql, html, javascript, javascriptreact, json, json5, jsonc, less, markdown, mdx, mongo, postcss, scss, typescript, typescriptreact, vue, yaml
["INFO" - 12:19:57 PM] Enabling prettier for file extensions: .JSON-tmLanguage, ._js, .avsc, .bones, .component.html, .css, .es, .es6, .frag, .geojson, .gltf, .gql, .graphql, .graphqls, .gs, .har, .htm, .html, .html.hl, .ice, .inc, .jake, .js, .js.flow, .jsb, .jscad, .jsfl, .jsm, .json, .json5, .jsonl, .jss, .jsx, .less, .markdown, .mcmeta, .md, .mdown, .mdwn, .mdx, .mir, .mjml, .mjs, .mkd, .mkdn, .mkdown, .njs, .pac, .pcss, .postcss, .reek, .ronn, .rviz, .scss, .sjs, .ssjs, .st, .sublime-build, .sublime-commands, .sublime-completions, .sublime-keymap, .sublime-macro, .sublime-menu, .sublime-mousemap, .sublime-project, .sublime-settings, .sublime-syntax, .sublime-theme, .sublime-workspace, .sublime_metrics, .sublime_session, .syntax, .tfstate, .tfstate.backup, .topojson, .ts, .tsx, .vue, .webapp, .webmanifest, .workbook, .xht, .xhtml, .xsjs, .xsjslib, .yaml, .yaml-tmlanguage, .yml, .yml.mysql, .yy, .yyp
["INFO" - 12:19:57 PM] Enabling prettier for range supported languages: graphql, javascript, javascriptreact, json, typescript, typescriptreact
["INFO" - 12:21:59 PM] Loaded module 'prettier@1.19.1' from '/home/alexandre/_/FOGO/maorie-monolithic/maorie-front/node_modules/prettier/index.js'
["INFO" - 12:21:59 PM] Loaded module 'prettier@1.19.1' from '/home/alexandre/_/FOGO/maorie-monolithic/maorie-front/node_modules/prettier/index.js'
["INFO" - 12:21:59 PM] Enabling prettier for languages: css, graphql, html, javascript, javascriptreact, json, json5, jsonc, less, markdown, mdx, mongo, postcss, scss, typescript, typescriptreact, vue, yaml
["INFO" - 12:21:59 PM] Enabling prettier for file extensions: .JSON-tmLanguage, ._js, .avsc, .bones, .component.html, .css, .es, .es6, .frag, .geojson, .gltf, .gql, .graphql, .graphqls, .gs, .har, .htm, .html, .html.hl, .ice, .inc, .jake, .js, .js.flow, .jsb, .jscad, .jsfl, .jsm, .json, .json5, .jsonl, .jss, .jsx, .less, .markdown, .mcmeta, .md, .mdown, .mdwn, .mdx, .mir, .mjml, .mjs, .mkd, .mkdn, .mkdown, .njs, .pac, .pcss, .postcss, .reek, .ronn, .rviz, .scss, .sjs, .ssjs, .st, .sublime-build, .sublime-commands, .sublime-completions, .sublime-keymap, .sublime-macro, .sublime-menu, .sublime-mousemap, .sublime-project, .sublime-settings, .sublime-syntax, .sublime-theme, .sublime-workspace, .sublime_metrics, .sublime_session, .syntax, .tfstate, .tfstate.backup, .topojson, .ts, .tsx, .vue, .webapp, .webmanifest, .workbook, .xht, .xhtml, .xsjs, .xsjslib, .yaml, .yaml-tmlanguage, .yml, .yml.mysql, .yy, .yyp
["INFO" - 12:21:59 PM] Enabling prettier for range supported languages: graphql, javascript, javascriptreact, json, typescript, typescriptreact
["INFO" - 12:22:07 PM] Formatting /home/alexandre/_/FOGO/maorie-monolithic/maorie-front/src/components/conversations/Conversations.chat.vue
["INFO" - 12:22:07 PM] Using ignore file (if present) at /home/alexandre/_/FOGO/maorie-monolithic/maorie-front/.prettierignore
["INFO" - 12:22:07 PM] Loaded module 'prettier@1.19.1' from '/home/alexandre/_/FOGO/maorie-monolithic/maorie-front/node_modules/prettier/index.js'
["INFO" - 12:22:07 PM] File Info:
{
  "ignored": false,
  "inferredParser": "vue"
}
["INFO" - 12:22:07 PM] No local configuration (i.e. .prettierrc or .editorconfig) detected, falling back to VS Code configuration
["INFO" - 12:22:07 PM] Prettier Options:
{
  "arrowParens": "avoid",
  "bracketSpacing": true,
  "endOfLine": "lf",
  "htmlWhitespaceSensitivity": "css",
  "insertPragma": false,
  "jsxBracketSameLine": false,
  "jsxSingleQuote": false,
  "printWidth": 80,
  "proseWrap": "preserve",
  "quoteProps": "as-needed",
  "requirePragma": false,
  "semi": false,
  "singleQuote": false,
  "tabWidth": 2,
  "trailingComma": "es5",
  "useTabs": false,
  "vueIndentScriptAndStyle": false,
  "filepath": "/home/alexandre/_/FOGO/maorie-monolithic/maorie-front/src/components/conversations/Conversations.chat.vue",
  "parser": "vue"
}
["INFO" - 12:22:08 PM] Formatting completed in 194.945345ms.
["INFO" - 12:22:09 PM] Formatting /home/alexandre/_/FOGO/maorie-monolithic/maorie-front/src/components/conversations/Conversations.chat.vue
["INFO" - 12:22:09 PM] Using ignore file (if present) at /home/alexandre/_/FOGO/maorie-monolithic/maorie-front/.prettierignore
["INFO" - 12:22:09 PM] Loaded module 'prettier@1.19.1' from '/home/alexandre/_/FOGO/maorie-monolithic/maorie-front/node_modules/prettier/index.js'
["INFO" - 12:22:09 PM] File Info:
{
  "ignored": false,
  "inferredParser": "vue"
}
["INFO" - 12:22:09 PM] No local configuration (i.e. .prettierrc or .editorconfig) detected, falling back to VS Code configuration
["INFO" - 12:22:09 PM] Prettier Options:
{
  "arrowParens": "avoid",
  "bracketSpacing": true,
  "endOfLine": "lf",
  "htmlWhitespaceSensitivity": "css",
  "insertPragma": false,
  "jsxBracketSameLine": false,
  "jsxSingleQuote": false,
  "printWidth": 80,
  "proseWrap": "preserve",
  "quoteProps": "as-needed",
  "requirePragma": false,
  "semi": false,
  "singleQuote": false,
  "tabWidth": 2,
  "trailingComma": "es5",
  "useTabs": false,
  "vueIndentScriptAndStyle": false,
  "filepath": "/home/alexandre/_/FOGO/maorie-monolithic/maorie-front/src/components/conversations/Conversations.chat.vue",
  "parser": "vue"
}
["INFO" - 12:22:09 PM] Formatting completed in 163.962606ms.
["INFO" - 12:22:17 PM] Loaded module 'prettier@1.19.1' from '/home/alexandre/_/FOGO/maorie-monolithic/maorie-front/node_modules/prettier/index.js'
["INFO" - 12:22:17 PM] Loaded module 'prettier@1.19.1' from '/home/alexandre/_/FOGO/maorie-monolithic/maorie-front/node_modules/prettier/index.js'
["INFO" - 12:22:17 PM] Enabling prettier for languages: css, graphql, html, javascript, javascriptreact, json, json5, jsonc, less, markdown, mdx, mongo, postcss, scss, typescript, typescriptreact, vue, yaml
["INFO" - 12:22:17 PM] Enabling prettier for file extensions: .JSON-tmLanguage, ._js, .avsc, .bones, .component.html, .css, .es, .es6, .frag, .geojson, .gltf, .gql, .graphql, .graphqls, .gs, .har, .htm, .html, .html.hl, .ice, .inc, .jake, .js, .js.flow, .jsb, .jscad, .jsfl, .jsm, .json, .json5, .jsonl, .jss, .jsx, .less, .markdown, .mcmeta, .md, .mdown, .mdwn, .mdx, .mir, .mjml, .mjs, .mkd, .mkdn, .mkdown, .njs, .pac, .pcss, .postcss, .reek, .ronn, .rviz, .scss, .sjs, .ssjs, .st, .sublime-build, .sublime-commands, .sublime-completions, .sublime-keymap, .sublime-macro, .sublime-menu, .sublime-mousemap, .sublime-project, .sublime-settings, .sublime-syntax, .sublime-theme, .sublime-workspace, .sublime_metrics, .sublime_session, .syntax, .tfstate, .tfstate.backup, .topojson, .ts, .tsx, .vue, .webapp, .webmanifest, .workbook, .xht, .xhtml, .xsjs, .xsjslib, .yaml, .yaml-tmlanguage, .yml, .yml.mysql, .yy, .yyp
["INFO" - 12:22:17 PM] Enabling prettier for range supported languages: graphql, javascript, javascriptreact, json, typescript, typescriptreact
["INFO" - 12:22:20 PM] Formatting /home/alexandre/_/FOGO/maorie-monolithic/maorie-front/src/components/conversations/Conversations.chat.vue
["INFO" - 12:22:20 PM] Using ignore file (if present) at /home/alexandre/_/FOGO/maorie-monolithic/maorie-front/.prettierignore
["INFO" - 12:22:20 PM] Loaded module 'prettier@1.19.1' from '/home/alexandre/_/FOGO/maorie-monolithic/maorie-front/node_modules/prettier/index.js'
["INFO" - 12:22:20 PM] File Info:
{
  "ignored": false,
  "inferredParser": "vue"
}
["INFO" - 12:22:20 PM] No local configuration (i.e. .prettierrc or .editorconfig) detected, falling back to VS Code configuration
["INFO" - 12:22:20 PM] Prettier Options:
{
  "arrowParens": "avoid",
  "bracketSpacing": true,
  "endOfLine": "lf",
  "htmlWhitespaceSensitivity": "css",
  "insertPragma": false,
  "jsxBracketSameLine": false,
  "jsxSingleQuote": false,
  "printWidth": 80,
  "proseWrap": "preserve",
  "quoteProps": "as-needed",
  "requirePragma": false,
  "semi": true,
  "singleQuote": false,
  "tabWidth": 2,
  "trailingComma": "es5",
  "useTabs": false,
  "vueIndentScriptAndStyle": false,
  "filepath": "/home/alexandre/_/FOGO/maorie-monolithic/maorie-front/src/components/conversations/Conversations.chat.vue",
  "parser": "vue"
}
["INFO" - 12:22:20 PM] Formatting completed in 172.938986ms.
["INFO" - 12:23:47 PM] Loaded module 'prettier@1.19.1' from '/home/alexandre/_/FOGO/maorie-monolithic/maorie-front/node_modules/prettier/index.js'
["INFO" - 12:23:47 PM] Loaded module 'prettier@1.19.1' from '/home/alexandre/_/FOGO/maorie-monolithic/maorie-front/node_modules/prettier/index.js'
["INFO" - 12:23:47 PM] Enabling prettier for languages: css, graphql, html, javascript, javascriptreact, json, json5, jsonc, less, markdown, mdx, mongo, postcss, scss, typescript, typescriptreact, vue, yaml
["INFO" - 12:23:47 PM] Enabling prettier for file extensions: .JSON-tmLanguage, ._js, .avsc, .bones, .component.html, .css, .es, .es6, .frag, .geojson, .gltf, .gql, .graphql, .graphqls, .gs, .har, .htm, .html, .html.hl, .ice, .inc, .jake, .js, .js.flow, .jsb, .jscad, .jsfl, .jsm, .json, .json5, .jsonl, .jss, .jsx, .less, .markdown, .mcmeta, .md, .mdown, .mdwn, .mdx, .mir, .mjml, .mjs, .mkd, .mkdn, .mkdown, .njs, .pac, .pcss, .postcss, .reek, .ronn, .rviz, .scss, .sjs, .ssjs, .st, .sublime-build, .sublime-commands, .sublime-completions, .sublime-keymap, .sublime-macro, .sublime-menu, .sublime-mousemap, .sublime-project, .sublime-settings, .sublime-syntax, .sublime-theme, .sublime-workspace, .sublime_metrics, .sublime_session, .syntax, .tfstate, .tfstate.backup, .topojson, .ts, .tsx, .vue, .webapp, .webmanifest, .workbook, .xht, .xhtml, .xsjs, .xsjslib, .yaml, .yaml-tmlanguage, .yml, .yml.mysql, .yy, .yyp
["INFO" - 12:23:47 PM] Enabling prettier for range supported languages: graphql, javascript, javascriptreact, json, typescript, typescriptreact
["INFO" - 12:23:49 PM] Formatting /home/alexandre/_/FOGO/maorie-monolithic/maorie-front/src/components/conversations/Conversations.chat.vue
["INFO" - 12:23:49 PM] Using ignore file (if present) at /home/alexandre/_/FOGO/maorie-monolithic/maorie-front/.prettierignore
["INFO" - 12:23:49 PM] Loaded module 'prettier@1.19.1' from '/home/alexandre/_/FOGO/maorie-monolithic/maorie-front/node_modules/prettier/index.js'
["INFO" - 12:23:49 PM] File Info:
{
  "ignored": false,
  "inferredParser": "vue"
}
["INFO" - 12:23:49 PM] No local configuration (i.e. .prettierrc or .editorconfig) detected, falling back to VS Code configuration
["INFO" - 12:23:49 PM] Prettier Options:
{
  "arrowParens": "avoid",
  "bracketSpacing": true,
  "endOfLine": "lf",
  "htmlWhitespaceSensitivity": "css",
  "insertPragma": false,
  "jsxBracketSameLine": false,
  "jsxSingleQuote": false,
  "printWidth": 80,
  "proseWrap": "preserve",
  "quoteProps": "as-needed",
  "requirePragma": false,
  "semi": true,
  "singleQuote": false,
  "tabWidth": 2,
  "trailingComma": "none",
  "useTabs": false,
  "vueIndentScriptAndStyle": false,
  "filepath": "/home/alexandre/_/FOGO/maorie-monolithic/maorie-front/src/components/conversations/Conversations.chat.vue",
  "parser": "vue"
}
["INFO" - 12:23:49 PM] Formatting completed in 116.933763ms.
["INFO" - 12:29:03 PM] Formatting /home/alexandre/snap/cool-retro-term/150/.config/Code/User/settings.json
["INFO" - 12:29:03 PM] Using ignore file (if present) at undefined
["INFO" - 12:29:03 PM] Using bundled version of prettier.
["INFO" - 12:29:03 PM] File Info:
{
  "ignored": false,
  "inferredParser": "json"
}
["INFO" - 12:29:03 PM] No local configuration (i.e. .prettierrc or .editorconfig) detected, falling back to VS Code configuration
["INFO" - 12:29:03 PM] Prettier Options:
{
  "arrowParens": "avoid",
  "bracketSpacing": true,
  "endOfLine": "lf",
  "htmlWhitespaceSensitivity": "css",
  "insertPragma": false,
  "jsxBracketSameLine": false,
  "jsxSingleQuote": false,
  "printWidth": 80,
  "proseWrap": "preserve",
  "quoteProps": "as-needed",
  "requirePragma": false,
  "semi": true,
  "singleQuote": false,
  "tabWidth": 2,
  "trailingComma": "none",
  "useTabs": false,
  "vueIndentScriptAndStyle": false,
  "filepath": "/home/alexandre/snap/cool-retro-term/150/.config/Code/User/settings.json",
  "parser": "json"
}
["INFO" - 12:29:03 PM] Formatting completed in 46.541722ms.
